  FileSystem.cpp
C:\Users\roder\source\year 3 repos\GED-ASN01-DLL\FileSystem.h(146,23): warning C4251: 'FileSystem::filePath': class 'std::basic_string<char,std::char_traits<char>,std::allocator<char>>' needs to have dll-interface to be used by clients of class 'FileSystem'
C:\Program Files (x86)\Microsoft Visual Studio\2019\Community\VC\Tools\MSVC\14.27.29110\include\xstring(4564): message : see declaration of 'std::basic_string<char,std::char_traits<char>,std::allocator<char>>'
C:\Users\roder\source\year 3 repos\GED-ASN01-DLL\FileSystem.h(149,19): warning C4251: 'FileSystem::file': class 'std::basic_fstream<char,std::char_traits<char>>' needs to have dll-interface to be used by clients of class 'FileSystem'
C:\Program Files (x86)\Microsoft Visual Studio\2019\Community\VC\Tools\MSVC\14.27.29110\include\iosfwd(226): message : see declaration of 'std::basic_fstream<char,std::char_traits<char>>'
C:\Users\roder\source\year 3 repos\GED-ASN01-DLL\FileSystem.h(152,34): warning C4251: 'FileSystem::records': class 'std::vector<std::string,std::allocator<std::string>>' needs to have dll-interface to be used by clients of class 'FileSystem'
C:\Users\roder\source\year 3 repos\GED-ASN01-DLL\FileSystem.h(152): message : see declaration of 'std::vector<std::string,std::allocator<std::string>>'
C:\Users\roder\source\year 3 repos\GED-ASN01-DLL\FileSystem.cpp(249,26): warning C4267: 'return': conversion from 'size_t' to 'int', possible loss of data
C:\Users\roder\source\year 3 repos\GED-ASN01-DLL\FileSystem.cpp(408,48): warning C4267: '=': conversion from 'size_t' to 'int', possible loss of data
  GED - ASN01.cpp
  Wrapper.cpp
C:\Users\roder\source\year 3 repos\GED-ASN01-DLL\FileSystem.h(146,23): warning C4251: 'FileSystem::filePath': class 'std::basic_string<char,std::char_traits<char>,std::allocator<char>>' needs to have dll-interface to be used by clients of class 'FileSystem'
C:\Program Files (x86)\Microsoft Visual Studio\2019\Community\VC\Tools\MSVC\14.27.29110\include\xstring(4564): message : see declaration of 'std::basic_string<char,std::char_traits<char>,std::allocator<char>>'
C:\Users\roder\source\year 3 repos\GED-ASN01-DLL\FileSystem.h(149,19): warning C4251: 'FileSystem::file': class 'std::basic_fstream<char,std::char_traits<char>>' needs to have dll-interface to be used by clients of class 'FileSystem'
C:\Program Files (x86)\Microsoft Visual Studio\2019\Community\VC\Tools\MSVC\14.27.29110\include\iosfwd(226): message : see declaration of 'std::basic_fstream<char,std::char_traits<char>>'
C:\Users\roder\source\year 3 repos\GED-ASN01-DLL\FileSystem.h(152,34): warning C4251: 'FileSystem::records': class 'std::vector<std::string,std::allocator<std::string>>' needs to have dll-interface to be used by clients of class 'FileSystem'
C:\Users\roder\source\year 3 repos\GED-ASN01-DLL\FileSystem.h(152): message : see declaration of 'std::vector<std::string,std::allocator<std::string>>'
C:\Users\roder\source\year 3 repos\GED-ASN01-DLL\Wrapper.h(19,38): warning C4190: 'GetFilePath' has C-linkage specified, but returns UDT 'std::basic_string<char,std::char_traits<char>,std::allocator<char>>' which is incompatible with C
C:\Program Files (x86)\Microsoft Visual Studio\2019\Community\VC\Tools\MSVC\14.27.29110\include\xstring(4564): message : see declaration of 'std::basic_string<char,std::char_traits<char>,std::allocator<char>>'
C:\Users\roder\source\year 3 repos\GED-ASN01-DLL\Wrapper.h(52,45): warning C4190: 'GetRecord' has C-linkage specified, but returns UDT 'std::basic_string<char,std::char_traits<char>,std::allocator<char>>' which is incompatible with C
C:\Program Files (x86)\Microsoft Visual Studio\2019\Community\VC\Tools\MSVC\14.27.29110\include\xstring(4564): message : see declaration of 'std::basic_string<char,std::char_traits<char>,std::allocator<char>>'
  Generating Code...
C:\Users\roder\source\year 3 repos\GED-ASN01-DLL\FileSystem.cpp(223): warning C4715: 'FileSystem::ReadRecord': not all control paths return a value
  LINK : C:\Users\roder\source\year 3 repos\GED-ASN01-DLL\x64\Debug\GED - ASN01.dll not found or not built by the last incremental link; performing full link
     Creating library C:\Users\roder\source\year 3 repos\GED-ASN01-DLL\x64\Debug\GED - ASN01.lib and object C:\Users\roder\source\year 3 repos\GED-ASN01-DLL\x64\Debug\GED - ASN01.exp
  GED - ASN01.vcxproj -> C:\Users\roder\source\year 3 repos\GED-ASN01-DLL\x64\Debug\GED - ASN01.dll
